#-----------------------------------------------------------
# Vivado v2020.1 (64-bit)
# SW Build 2902540 on Wed May 27 19:54:49 MDT 2020
# IP Build 2902112 on Wed May 27 22:43:36 MDT 2020
# Start of session at: Sun Dec 27 19:19:02 2020
# Process ID: 35080
# Current directory: C:/Users/tinte/OneDrive/Desktop/ProiectSSC/senzor_temp
# Command line: vivado.exe -gui_launcher_event rodinguilauncherevent40952 C:\Users\tinte\OneDrive\Desktop\ProiectSSC\senzor_temp\senzor_temp.xpr
# Log file: C:/Users/tinte/OneDrive/Desktop/ProiectSSC/senzor_temp/vivado.log
# Journal file: C:/Users/tinte/OneDrive/Desktop/ProiectSSC/senzor_temp\vivado.jou
#-----------------------------------------------------------
start_gui
open_project C:/Users/tinte/OneDrive/Desktop/ProiectSSC/senzor_temp/senzor_temp.xpr
INFO: [Project 1-313] Project file moved from 'D:/Facultate_an3/SSC/Proiecte Vivado/senzor_temp' since last save.
Scanning sources...
Finished scanning sources
INFO: [IP_Flow 19-234] Refreshing IP repositories
INFO: [IP_Flow 19-1704] No user IP repositories specified
INFO: [IP_Flow 19-2313] Loaded Vivado IP repository 'C:/Xilinx/Vivado/2020.1/data/ip'.
open_project: Time (s): cpu = 00:00:14 ; elapsed = 00:00:07 . Memory (MB): peak = 1036.137 ; gain = 0.000
update_compile_order -fileset sources_1
update_compile_order -fileset sources_1
update_compile_order -fileset sources_1
exit
INFO: [Common 17-206] Exiting Vivado at Sun Dec 27 22:13:57 2020...
