#-----------------------------------------------------------
# Vivado v2020.1 (64-bit)
# SW Build 2902540 on Wed May 27 19:54:49 MDT 2020
# IP Build 2902112 on Wed May 27 22:43:36 MDT 2020
# Start of session at: Mon Dec 28 11:51:05 2020
# Process ID: 49876
# Current directory: C:/Users/tinte/OneDrive/Desktop/ProiectSSC/senzor_temp
# Command line: vivado.exe -gui_launcher_event rodinguilauncherevent49636 C:\Users\tinte\OneDrive\Desktop\ProiectSSC\senzor_temp\senzor_temp.xpr
# Log file: C:/Users/tinte/OneDrive/Desktop/ProiectSSC/senzor_temp/vivado.log
# Journal file: C:/Users/tinte/OneDrive/Desktop/ProiectSSC/senzor_temp\vivado.jou
#-----------------------------------------------------------
start_gui
open_project C:/Users/tinte/OneDrive/Desktop/ProiectSSC/senzor_temp/senzor_temp.xpr
Scanning sources...
Finished scanning sources
INFO: [IP_Flow 19-234] Refreshing IP repositories
INFO: [IP_Flow 19-1704] No user IP repositories specified
INFO: [IP_Flow 19-2313] Loaded Vivado IP repository 'C:/Xilinx/Vivado/2020.1/data/ip'.
open_project: Time (s): cpu = 00:00:15 ; elapsed = 00:00:07 . Memory (MB): peak = 1035.793 ; gain = 0.000
update_compile_order -fileset sources_1
launch_runs synth_1 -jobs 4
[Mon Dec 28 12:08:42 2020] Launched synth_1...
Run output will be captured here: C:/Users/tinte/OneDrive/Desktop/ProiectSSC/senzor_temp/senzor_temp.runs/synth_1/runme.log
reset_run synth_1
launch_runs synth_1 -jobs 4
[Mon Dec 28 12:09:29 2020] Launched synth_1...
Run output will be captured here: C:/Users/tinte/OneDrive/Desktop/ProiectSSC/senzor_temp/senzor_temp.runs/synth_1/runme.log
launch_runs impl_1 -jobs 4
[Mon Dec 28 12:10:25 2020] Launched impl_1...
Run output will be captured here: C:/Users/tinte/OneDrive/Desktop/ProiectSSC/senzor_temp/senzor_temp.runs/impl_1/runme.log
reset_run synth_1
launch_runs synth_1 -jobs 4
[Mon Dec 28 12:31:24 2020] Launched synth_1...
Run output will be captured here: C:/Users/tinte/OneDrive/Desktop/ProiectSSC/senzor_temp/senzor_temp.runs/synth_1/runme.log
file mkdir C:/Users/tinte/OneDrive/Desktop/ProiectSSC/senzor_temp/senzor_temp.srcs/constrs_1
file mkdir C:/Users/tinte/OneDrive/Desktop/ProiectSSC/senzor_temp/senzor_temp.srcs/constrs_1/new
close [ open C:/Users/tinte/OneDrive/Desktop/ProiectSSC/senzor_temp/senzor_temp.srcs/constrs_1/new/constrangeri.xdc w ]
add_files -fileset constrs_1 C:/Users/tinte/OneDrive/Desktop/ProiectSSC/senzor_temp/senzor_temp.srcs/constrs_1/new/constrangeri.xdc
reset_run synth_1
launch_runs impl_1 -to_step write_bitstream -jobs 4
[Mon Dec 28 12:54:33 2020] Launched synth_1...
Run output will be captured here: C:/Users/tinte/OneDrive/Desktop/ProiectSSC/senzor_temp/senzor_temp.runs/synth_1/runme.log
[Mon Dec 28 12:54:33 2020] Launched impl_1...
Run output will be captured here: C:/Users/tinte/OneDrive/Desktop/ProiectSSC/senzor_temp/senzor_temp.runs/impl_1/runme.log
reset_run synth_1
launch_runs impl_1 -to_step write_bitstream -jobs 4
[Mon Dec 28 13:31:48 2020] Launched synth_1...
Run output will be captured here: C:/Users/tinte/OneDrive/Desktop/ProiectSSC/senzor_temp/senzor_temp.runs/synth_1/runme.log
[Mon Dec 28 13:31:48 2020] Launched impl_1...
Run output will be captured here: C:/Users/tinte/OneDrive/Desktop/ProiectSSC/senzor_temp/senzor_temp.runs/impl_1/runme.log
reset_run synth_1
launch_runs impl_1 -to_step write_bitstream -jobs 4
[Mon Dec 28 13:55:37 2020] Launched synth_1...
Run output will be captured here: C:/Users/tinte/OneDrive/Desktop/ProiectSSC/senzor_temp/senzor_temp.runs/synth_1/runme.log
[Mon Dec 28 13:55:37 2020] Launched impl_1...
Run output will be captured here: C:/Users/tinte/OneDrive/Desktop/ProiectSSC/senzor_temp/senzor_temp.runs/impl_1/runme.log
exit
INFO: [Common 17-206] Exiting Vivado at Mon Dec 28 13:58:58 2020...
